[1.560s] DEBUG:colcon:Command line arguments: ['/usr/bin/colcon', 'build', '--symlink-install']
[1.561s] DEBUG:colcon:Parsed command line arguments: Namespace(log_base=None, log_level=None, verb_name='build', build_base='build', install_base='install', merge_install=False, symlink_install=True, test_result_base=None, continue_on_error=False, executor='parallel', parallel_workers=8, event_handlers=None, ignore_user_meta=False, metas=['./colcon.meta'], base_paths=['.'], packages_ignore=None, packages_ignore_regex=None, paths=None, packages_up_to=None, packages_up_to_regex=None, packages_above=None, packages_above_and_dependencies=None, packages_above_depth=None, packages_select_by_dep=None, packages_skip_by_dep=None, packages_skip_up_to=None, packages_select_build_failed=False, packages_skip_build_finished=False, packages_select_test_failures=False, packages_skip_test_passed=False, packages_select=None, packages_skip=None, packages_select_regex=None, packages_skip_regex=None, packages_start=None, packages_end=None, allow_overriding=[], cmake_args=None, cmake_target=None, cmake_target_skip_unavailable=False, cmake_clean_cache=False, cmake_clean_first=False, cmake_force_configure=False, ament_cmake_args=None, catkin_cmake_args=None, catkin_skip_building_tests=False, verb_parser=<colcon_defaults.argument_parser.defaults.DefaultArgumentsDecorator object at 0x7fbe38523e50>, verb_extension=<colcon_core.verb.build.BuildVerb object at 0x7fbe386e12d0>, main=<bound method BuildVerb.main of <colcon_core.verb.build.BuildVerb object at 0x7fbe386e12d0>>)
[5.375s] Level 1:colcon.colcon_core.package_discovery:discover_packages(colcon_meta) check parameters
[5.376s] Level 1:colcon.colcon_core.package_discovery:discover_packages(recursive) check parameters
[5.376s] Level 1:colcon.colcon_core.package_discovery:discover_packages(ignore) check parameters
[5.376s] Level 1:colcon.colcon_core.package_discovery:discover_packages(path) check parameters
[5.376s] Level 1:colcon.colcon_core.package_discovery:discover_packages(colcon_meta) discover
[5.376s] Level 1:colcon.colcon_core.package_discovery:discover_packages(recursive) discover
[5.376s] INFO:colcon.colcon_core.package_discovery:Crawling recursively for packages in '/home/nathan/dev_ws'
[5.376s] Level 1:colcon.colcon_core.package_identification:_identify(.) by extensions ['ignore', 'ignore_ament_install']
[5.376s] Level 1:colcon.colcon_core.package_identification:_identify(.) by extension 'ignore'
[5.376s] Level 1:colcon.colcon_core.package_identification:_identify(.) by extension 'ignore_ament_install'
[5.376s] Level 1:colcon.colcon_core.package_identification:_identify(.) by extensions ['colcon_pkg']
[5.376s] Level 1:colcon.colcon_core.package_identification:_identify(.) by extension 'colcon_pkg'
[5.377s] Level 1:colcon.colcon_core.package_identification:_identify(.) by extensions ['colcon_meta']
[5.377s] Level 1:colcon.colcon_core.package_identification:_identify(.) by extension 'colcon_meta'
[5.377s] Level 1:colcon.colcon_core.package_identification:_identify(.) by extensions ['ros']
[5.377s] Level 1:colcon.colcon_core.package_identification:_identify(.) by extension 'ros'
[5.441s] Level 1:colcon.colcon_core.package_identification:_identify(.) by extensions ['cmake', 'python']
[5.442s] Level 1:colcon.colcon_core.package_identification:_identify(.) by extension 'cmake'
[5.442s] Level 1:colcon.colcon_core.package_identification:_identify(.) by extension 'python'
[5.442s] Level 1:colcon.colcon_core.package_identification:_identify(.) by extensions ['python_setup_py']
[5.442s] Level 1:colcon.colcon_core.package_identification:_identify(.) by extension 'python_setup_py'
[5.443s] Level 1:colcon.colcon_core.package_identification:_identify(build) by extensions ['ignore', 'ignore_ament_install']
[5.443s] Level 1:colcon.colcon_core.package_identification:_identify(build) by extension 'ignore'
[5.443s] Level 1:colcon.colcon_core.package_identification:_identify(build) ignored
[5.444s] Level 1:colcon.colcon_core.package_identification:_identify(install) by extensions ['ignore', 'ignore_ament_install']
[5.444s] Level 1:colcon.colcon_core.package_identification:_identify(install) by extension 'ignore'
[5.445s] Level 1:colcon.colcon_core.package_identification:_identify(install) ignored
[5.445s] Level 1:colcon.colcon_core.package_identification:_identify(log) by extensions ['ignore', 'ignore_ament_install']
[5.445s] Level 1:colcon.colcon_core.package_identification:_identify(log) by extension 'ignore'
[5.445s] Level 1:colcon.colcon_core.package_identification:_identify(log) ignored
[5.445s] Level 1:colcon.colcon_core.package_identification:_identify(src) by extensions ['ignore', 'ignore_ament_install']
[5.445s] Level 1:colcon.colcon_core.package_identification:_identify(src) by extension 'ignore'
[5.445s] Level 1:colcon.colcon_core.package_identification:_identify(src) by extension 'ignore_ament_install'
[5.445s] Level 1:colcon.colcon_core.package_identification:_identify(src) by extensions ['colcon_pkg']
[5.445s] Level 1:colcon.colcon_core.package_identification:_identify(src) by extension 'colcon_pkg'
[5.445s] Level 1:colcon.colcon_core.package_identification:_identify(src) by extensions ['colcon_meta']
[5.445s] Level 1:colcon.colcon_core.package_identification:_identify(src) by extension 'colcon_meta'
[5.445s] Level 1:colcon.colcon_core.package_identification:_identify(src) by extensions ['ros']
[5.445s] Level 1:colcon.colcon_core.package_identification:_identify(src) by extension 'ros'
[5.445s] Level 1:colcon.colcon_core.package_identification:_identify(src) by extensions ['cmake', 'python']
[5.445s] Level 1:colcon.colcon_core.package_identification:_identify(src) by extension 'cmake'
[5.445s] Level 1:colcon.colcon_core.package_identification:_identify(src) by extension 'python'
[5.446s] Level 1:colcon.colcon_core.package_identification:_identify(src) by extensions ['python_setup_py']
[5.446s] Level 1:colcon.colcon_core.package_identification:_identify(src) by extension 'python_setup_py'
[5.446s] Level 1:colcon.colcon_core.package_identification:_identify(src/articubot_one) by extensions ['ignore', 'ignore_ament_install']
[5.446s] Level 1:colcon.colcon_core.package_identification:_identify(src/articubot_one) by extension 'ignore'
[5.446s] Level 1:colcon.colcon_core.package_identification:_identify(src/articubot_one) by extension 'ignore_ament_install'
[5.446s] Level 1:colcon.colcon_core.package_identification:_identify(src/articubot_one) by extensions ['colcon_pkg']
[5.446s] Level 1:colcon.colcon_core.package_identification:_identify(src/articubot_one) by extension 'colcon_pkg'
[5.446s] Level 1:colcon.colcon_core.package_identification:_identify(src/articubot_one) by extensions ['colcon_meta']
[5.446s] Level 1:colcon.colcon_core.package_identification:_identify(src/articubot_one) by extension 'colcon_meta'
[5.446s] Level 1:colcon.colcon_core.package_identification:_identify(src/articubot_one) by extensions ['ros']
[5.446s] Level 1:colcon.colcon_core.package_identification:_identify(src/articubot_one) by extension 'ros'
[5.470s] DEBUG:colcon.colcon_core.package_identification:Package 'src/articubot_one' with type 'ros.ament_cmake' and name 'articubot_one'
[5.470s] Level 1:colcon.colcon_core.package_discovery:discover_packages(recursive) using defaults
[5.470s] Level 1:colcon.colcon_core.package_discovery:discover_packages(ignore) discover
[5.470s] Level 1:colcon.colcon_core.package_discovery:discover_packages(ignore) using defaults
[5.470s] Level 1:colcon.colcon_core.package_discovery:discover_packages(path) discover
[5.470s] Level 1:colcon.colcon_core.package_discovery:discover_packages(path) using defaults
[5.596s] Level 1:colcon.colcon_core.package_discovery:discover_packages(prefix_path) check parameters
[5.596s] Level 1:colcon.colcon_core.package_discovery:discover_packages(prefix_path) discover
[5.611s] DEBUG:colcon.colcon_installed_package_information.package_discovery:Found 1 installed packages in /home/nathan/dev_ws/install
[5.615s] DEBUG:colcon.colcon_installed_package_information.package_discovery:Found 286 installed packages in /opt/ros/humble
[5.621s] Level 1:colcon.colcon_core.package_discovery:discover_packages(prefix_path) using defaults
[5.933s] Level 5:colcon.colcon_core.verb:set package 'articubot_one' build argument 'cmake_args' from command line to 'None'
[5.933s] Level 5:colcon.colcon_core.verb:set package 'articubot_one' build argument 'cmake_target' from command line to 'None'
[5.933s] Level 5:colcon.colcon_core.verb:set package 'articubot_one' build argument 'cmake_target_skip_unavailable' from command line to 'False'
[5.933s] Level 5:colcon.colcon_core.verb:set package 'articubot_one' build argument 'cmake_clean_cache' from command line to 'False'
[5.933s] Level 5:colcon.colcon_core.verb:set package 'articubot_one' build argument 'cmake_clean_first' from command line to 'False'
[5.933s] Level 5:colcon.colcon_core.verb:set package 'articubot_one' build argument 'cmake_force_configure' from command line to 'False'
[5.933s] Level 5:colcon.colcon_core.verb:set package 'articubot_one' build argument 'ament_cmake_args' from command line to 'None'
[5.933s] Level 5:colcon.colcon_core.verb:set package 'articubot_one' build argument 'catkin_cmake_args' from command line to 'None'
[5.933s] Level 5:colcon.colcon_core.verb:set package 'articubot_one' build argument 'catkin_skip_building_tests' from command line to 'False'
[5.933s] DEBUG:colcon.colcon_core.verb:Building package 'articubot_one' with the following arguments: {'ament_cmake_args': None, 'build_base': '/home/nathan/dev_ws/build/articubot_one', 'catkin_cmake_args': None, 'catkin_skip_building_tests': False, 'cmake_args': None, 'cmake_clean_cache': False, 'cmake_clean_first': False, 'cmake_force_configure': False, 'cmake_target': None, 'cmake_target_skip_unavailable': False, 'install_base': '/home/nathan/dev_ws/install/articubot_one', 'merge_install': False, 'path': '/home/nathan/dev_ws/src/articubot_one', 'symlink_install': True, 'test_result_base': None}
[5.933s] INFO:colcon.colcon_core.executor:Executing jobs using 'parallel' executor
[5.937s] DEBUG:colcon.colcon_parallel_executor.executor.parallel:run_until_complete
[5.938s] INFO:colcon.colcon_ros.task.ament_cmake.build:Building ROS package in '/home/nathan/dev_ws/src/articubot_one' with build type 'ament_cmake'
[5.938s] INFO:colcon.colcon_cmake.task.cmake.build:Building CMake package in '/home/nathan/dev_ws/src/articubot_one'
[5.976s] INFO:colcon.colcon_core.plugin_system:Skipping extension 'colcon_core.shell.bat': Not used on non-Windows systems
[5.977s] INFO:colcon.colcon_core.shell:Skip shell extension 'powershell' for command environment: Not usable outside of PowerShell
[5.977s] DEBUG:colcon.colcon_core.shell:Skip shell extension 'dsv' for command environment
[6.038s] DEBUG:colcon.colcon_core.event_handler.log_command:Invoking command in '/home/nathan/dev_ws/build/articubot_one': CMAKE_PREFIX_PATH=${CMAKE_PREFIX_PATH}:/opt/ros/humble /usr/bin/cmake /home/nathan/dev_ws/src/articubot_one -DAMENT_CMAKE_SYMLINK_INSTALL=1 -DCMAKE_INSTALL_PREFIX=/home/nathan/dev_ws/install/articubot_one
[6.881s] DEBUG:colcon.colcon_core.event_handler.log_command:Invoked command in '/home/nathan/dev_ws/build/articubot_one' returned '0': CMAKE_PREFIX_PATH=${CMAKE_PREFIX_PATH}:/opt/ros/humble /usr/bin/cmake /home/nathan/dev_ws/src/articubot_one -DAMENT_CMAKE_SYMLINK_INSTALL=1 -DCMAKE_INSTALL_PREFIX=/home/nathan/dev_ws/install/articubot_one
[6.890s] DEBUG:colcon.colcon_core.event_handler.log_command:Invoking command in '/home/nathan/dev_ws/build/articubot_one': CMAKE_PREFIX_PATH=${CMAKE_PREFIX_PATH}:/opt/ros/humble /usr/bin/cmake --build /home/nathan/dev_ws/build/articubot_one -- -j8 -l8
[6.966s] DEBUG:colcon.colcon_core.event_handler.log_command:Invoked command in '/home/nathan/dev_ws/build/articubot_one' returned '0': CMAKE_PREFIX_PATH=${CMAKE_PREFIX_PATH}:/opt/ros/humble /usr/bin/cmake --build /home/nathan/dev_ws/build/articubot_one -- -j8 -l8
[6.983s] DEBUG:colcon.colcon_core.event_handler.log_command:Invoking command in '/home/nathan/dev_ws/build/articubot_one': CMAKE_PREFIX_PATH=${CMAKE_PREFIX_PATH}:/opt/ros/humble /usr/bin/cmake --install /home/nathan/dev_ws/build/articubot_one
[7.480s] Level 1:colcon.colcon_core.environment:create_environment_scripts_only(articubot_one)
[7.481s] DEBUG:colcon.colcon_core.event_handler.log_command:Invoked command in '/home/nathan/dev_ws/build/articubot_one' returned '0': CMAKE_PREFIX_PATH=${CMAKE_PREFIX_PATH}:/opt/ros/humble /usr/bin/cmake --install /home/nathan/dev_ws/build/articubot_one
[7.497s] Level 1:colcon.colcon_core.environment:checking '/home/nathan/dev_ws/install/articubot_one' for CMake module files
[7.498s] Level 1:colcon.colcon_core.environment:checking '/home/nathan/dev_ws/install/articubot_one' for CMake config files
[7.502s] Level 1:colcon.colcon_core.shell:create_environment_hook('articubot_one', 'cmake_prefix_path')
[7.503s] INFO:colcon.colcon_core.shell:Creating environment hook '/home/nathan/dev_ws/install/articubot_one/share/articubot_one/hook/cmake_prefix_path.ps1'
[7.506s] INFO:colcon.colcon_core.shell:Creating environment descriptor '/home/nathan/dev_ws/install/articubot_one/share/articubot_one/hook/cmake_prefix_path.dsv'
[7.508s] INFO:colcon.colcon_core.shell:Creating environment hook '/home/nathan/dev_ws/install/articubot_one/share/articubot_one/hook/cmake_prefix_path.sh'
[7.511s] Level 1:colcon.colcon_core.environment:checking '/home/nathan/dev_ws/install/articubot_one/bin'
[7.511s] Level 1:colcon.colcon_core.environment:checking '/home/nathan/dev_ws/install/articubot_one/lib/pkgconfig/articubot_one.pc'
[7.511s] Level 1:colcon.colcon_core.environment:checking '/home/nathan/dev_ws/install/articubot_one/lib/python3.10/site-packages'
[7.511s] Level 1:colcon.colcon_core.environment:checking '/home/nathan/dev_ws/install/articubot_one/bin'
[7.512s] INFO:colcon.colcon_core.shell:Creating package script '/home/nathan/dev_ws/install/articubot_one/share/articubot_one/package.ps1'
[7.514s] INFO:colcon.colcon_core.shell:Creating package descriptor '/home/nathan/dev_ws/install/articubot_one/share/articubot_one/package.dsv'
[7.518s] INFO:colcon.colcon_core.shell:Creating package script '/home/nathan/dev_ws/install/articubot_one/share/articubot_one/package.sh'
[7.520s] INFO:colcon.colcon_core.shell:Creating package script '/home/nathan/dev_ws/install/articubot_one/share/articubot_one/package.bash'
[7.521s] INFO:colcon.colcon_core.shell:Creating package script '/home/nathan/dev_ws/install/articubot_one/share/articubot_one/package.zsh'
[7.526s] Level 1:colcon.colcon_core.environment:create_file_with_runtime_dependencies(/home/nathan/dev_ws/install/articubot_one/share/colcon-core/packages/articubot_one)
[7.527s] Level 1:colcon.colcon_core.environment:create_environment_scripts_only(articubot_one)
[7.527s] Level 1:colcon.colcon_core.environment:checking '/home/nathan/dev_ws/install/articubot_one' for CMake module files
[7.528s] Level 1:colcon.colcon_core.environment:checking '/home/nathan/dev_ws/install/articubot_one' for CMake config files
[7.529s] Level 1:colcon.colcon_core.shell:create_environment_hook('articubot_one', 'cmake_prefix_path')
[7.529s] INFO:colcon.colcon_core.shell:Creating environment hook '/home/nathan/dev_ws/install/articubot_one/share/articubot_one/hook/cmake_prefix_path.ps1'
[7.530s] INFO:colcon.colcon_core.shell:Creating environment descriptor '/home/nathan/dev_ws/install/articubot_one/share/articubot_one/hook/cmake_prefix_path.dsv'
[7.530s] INFO:colcon.colcon_core.shell:Creating environment hook '/home/nathan/dev_ws/install/articubot_one/share/articubot_one/hook/cmake_prefix_path.sh'
[7.531s] Level 1:colcon.colcon_core.environment:checking '/home/nathan/dev_ws/install/articubot_one/bin'
[7.531s] Level 1:colcon.colcon_core.environment:checking '/home/nathan/dev_ws/install/articubot_one/lib/pkgconfig/articubot_one.pc'
[7.532s] Level 1:colcon.colcon_core.environment:checking '/home/nathan/dev_ws/install/articubot_one/lib/python3.10/site-packages'
[7.532s] Level 1:colcon.colcon_core.environment:checking '/home/nathan/dev_ws/install/articubot_one/bin'
[7.532s] INFO:colcon.colcon_core.shell:Creating package script '/home/nathan/dev_ws/install/articubot_one/share/articubot_one/package.ps1'
[7.534s] INFO:colcon.colcon_core.shell:Creating package descriptor '/home/nathan/dev_ws/install/articubot_one/share/articubot_one/package.dsv'
[7.535s] INFO:colcon.colcon_core.shell:Creating package script '/home/nathan/dev_ws/install/articubot_one/share/articubot_one/package.sh'
[7.535s] INFO:colcon.colcon_core.shell:Creating package script '/home/nathan/dev_ws/install/articubot_one/share/articubot_one/package.bash'
[7.536s] INFO:colcon.colcon_core.shell:Creating package script '/home/nathan/dev_ws/install/articubot_one/share/articubot_one/package.zsh'
[7.536s] Level 1:colcon.colcon_core.environment:create_file_with_runtime_dependencies(/home/nathan/dev_ws/install/articubot_one/share/colcon-core/packages/articubot_one)
[7.537s] DEBUG:colcon.colcon_parallel_executor.executor.parallel:closing loop
[7.537s] DEBUG:colcon.colcon_parallel_executor.executor.parallel:loop closed
[7.537s] DEBUG:colcon.colcon_parallel_executor.executor.parallel:run_until_complete finished with '0'
[7.537s] DEBUG:colcon.colcon_core.event_reactor:joining thread
[7.750s] INFO:colcon.colcon_core.plugin_system:Skipping extension 'colcon_notification.desktop_notification.notify_send': Could not find 'notify-send'
[7.751s] INFO:colcon.colcon_core.plugin_system:Skipping extension 'colcon_notification.desktop_notification.terminal_notifier': Not used on non-Darwin systems
[7.751s] INFO:colcon.colcon_core.plugin_system:Skipping extension 'colcon_notification.desktop_notification.win32': Not used on non-Windows systems
[7.751s] INFO:colcon.colcon_notification.desktop_notification:Sending desktop notification using 'notify2'
[7.754s] DEBUG:colcon.colcon_notification.desktop_notification.notify2:Failed to initialize notify2: org.freedesktop.DBus.Error.FileNotFound: Failed to connect to socket /run/user/1000/bus: No such file or directory
[7.754s] DEBUG:colcon.colcon_core.event_reactor:joined thread
[7.755s] INFO:colcon.colcon_core.shell:Creating prefix script '/home/nathan/dev_ws/install/local_setup.ps1'
[7.757s] INFO:colcon.colcon_core.shell:Creating prefix util module '/home/nathan/dev_ws/install/_local_setup_util_ps1.py'
[7.760s] INFO:colcon.colcon_core.shell:Creating prefix chain script '/home/nathan/dev_ws/install/setup.ps1'
[7.763s] INFO:colcon.colcon_core.shell:Creating prefix script '/home/nathan/dev_ws/install/local_setup.sh'
[7.766s] INFO:colcon.colcon_core.shell:Creating prefix util module '/home/nathan/dev_ws/install/_local_setup_util_sh.py'
[7.767s] INFO:colcon.colcon_core.shell:Creating prefix chain script '/home/nathan/dev_ws/install/setup.sh'
[7.770s] INFO:colcon.colcon_core.shell:Creating prefix script '/home/nathan/dev_ws/install/local_setup.bash'
[7.772s] INFO:colcon.colcon_core.shell:Creating prefix chain script '/home/nathan/dev_ws/install/setup.bash'
[7.774s] INFO:colcon.colcon_core.shell:Creating prefix script '/home/nathan/dev_ws/install/local_setup.zsh'
[7.777s] INFO:colcon.colcon_core.shell:Creating prefix chain script '/home/nathan/dev_ws/install/setup.zsh'
