[0.012s] Invoking command in '/home/nathan/dev_ws/build/articubot_one': CMAKE_PREFIX_PATH=${CMAKE_PREFIX_PATH}:/opt/ros/humble /usr/bin/cmake --build /home/nathan/dev_ws/build/articubot_one -- -j8 -l8
[0.029s] -- Found ament_cmake: 1.3.11 (/opt/ros/humble/share/ament_cmake/cmake)
[0.112s] -- Found ament_lint_auto: 0.12.11 (/opt/ros/humble/share/ament_lint_auto/cmake)
[0.156s] -- Added test 'copyright' to check source files copyright and LICENSE
[0.159s] -- Added test 'flake8' to check Python code syntax and style conventions
[0.160s] -- Added test 'lint_cmake' to check CMake code style
[0.160s] -- Added test 'pep257' to check Python code against some of the docstring style conventions in PEP 257
[0.162s] -- Added test 'xmllint' to check XML markup files
[0.162s] -- Configuring done
[0.164s] -- Generating done
[0.166s] -- Build files have been written to: /home/nathan/dev_ws/build/articubot_one
[0.179s] Invoked command in '/home/nathan/dev_ws/build/articubot_one' returned '0': CMAKE_PREFIX_PATH=${CMAKE_PREFIX_PATH}:/opt/ros/humble /usr/bin/cmake --build /home/nathan/dev_ws/build/articubot_one -- -j8 -l8
[0.186s] Invoking command in '/home/nathan/dev_ws/build/articubot_one': CMAKE_PREFIX_PATH=${CMAKE_PREFIX_PATH}:/opt/ros/humble /usr/bin/cmake --install /home/nathan/dev_ws/build/articubot_one
[0.191s] -- Install configuration: ""
[0.191s] -- Up-to-date: /home/nathan/dev_ws/install/articubot_one/share/articubot_one/config
[0.191s] -- Up-to-date: /home/nathan/dev_ws/install/articubot_one/share/articubot_one/config/empty.yaml
[0.191s] -- Up-to-date: /home/nathan/dev_ws/install/articubot_one/share/articubot_one/config/map.rviz
[0.191s] -- Up-to-date: /home/nathan/dev_ws/install/articubot_one/share/articubot_one/config/drive_bot.rviz
[0.191s] -- Up-to-date: /home/nathan/dev_ws/install/articubot_one/share/articubot_one/config/gaz_ros2_ctl_use_sim.yaml
[0.191s] -- Up-to-date: /home/nathan/dev_ws/install/articubot_one/share/articubot_one/config/view_bot.rviz
[0.191s] -- Up-to-date: /home/nathan/dev_ws/install/articubot_one/share/articubot_one/config/nav2_params.yaml
[0.191s] -- Up-to-date: /home/nathan/dev_ws/install/articubot_one/share/articubot_one/config/main.rviz
[0.191s] -- Up-to-date: /home/nathan/dev_ws/install/articubot_one/share/articubot_one/config/twist_mux.yaml
[0.191s] -- Up-to-date: /home/nathan/dev_ws/install/articubot_one/share/articubot_one/config/gazebo_params.yaml
[0.191s] -- Up-to-date: /home/nathan/dev_ws/install/articubot_one/share/articubot_one/config/my_controllers.yaml
[0.191s] -- Up-to-date: /home/nathan/dev_ws/install/articubot_one/share/articubot_one/description
[0.192s] -- Up-to-date: /home/nathan/dev_ws/install/articubot_one/share/articubot_one/description/gazebo_control.xacro
[0.192s] -- Up-to-date: /home/nathan/dev_ws/install/articubot_one/share/articubot_one/description/ros2_control.xacro
[0.192s] -- Installing: /home/nathan/dev_ws/install/articubot_one/share/articubot_one/description/robot_core.xacro
[0.192s] -- Up-to-date: /home/nathan/dev_ws/install/articubot_one/share/articubot_one/description/inertial_macros.xacro
[0.192s] -- Up-to-date: /home/nathan/dev_ws/install/articubot_one/share/articubot_one/description/robot.urdf.xacro
[0.192s] -- Up-to-date: /home/nathan/dev_ws/install/articubot_one/share/articubot_one/launch
[0.192s] -- Installing: /home/nathan/dev_ws/install/articubot_one/share/articubot_one/launch/rsp.launch.py
[0.192s] -- Up-to-date: /home/nathan/dev_ws/install/articubot_one/share/articubot_one/launch/launch_sim.launch.py
[0.192s] -- Up-to-date: /home/nathan/dev_ws/install/articubot_one/share/articubot_one/launch/launch_robot.launch.py
[0.192s] -- Up-to-date: /home/nathan/dev_ws/install/articubot_one/share/articubot_one/worlds
[0.192s] -- Up-to-date: /home/nathan/dev_ws/install/articubot_one/share/articubot_one/worlds/empty.world
[0.192s] -- Up-to-date: /home/nathan/dev_ws/install/articubot_one/share/articubot_one/worlds/obstacles.world
[0.193s] -- Installing: /home/nathan/dev_ws/install/articubot_one/share/ament_index/resource_index/package_run_dependencies/articubot_one
[0.193s] -- Up-to-date: /home/nathan/dev_ws/install/articubot_one/share/ament_index/resource_index/parent_prefix_path/articubot_one
[0.193s] -- Up-to-date: /home/nathan/dev_ws/install/articubot_one/share/articubot_one/environment/ament_prefix_path.sh
[0.193s] -- Installing: /home/nathan/dev_ws/install/articubot_one/share/articubot_one/environment/ament_prefix_path.dsv
[0.193s] -- Up-to-date: /home/nathan/dev_ws/install/articubot_one/share/articubot_one/environment/path.sh
[0.193s] -- Installing: /home/nathan/dev_ws/install/articubot_one/share/articubot_one/environment/path.dsv
[0.193s] -- Up-to-date: /home/nathan/dev_ws/install/articubot_one/share/articubot_one/local_setup.bash
[0.193s] -- Up-to-date: /home/nathan/dev_ws/install/articubot_one/share/articubot_one/local_setup.sh
[0.193s] -- Up-to-date: /home/nathan/dev_ws/install/articubot_one/share/articubot_one/local_setup.zsh
[0.193s] -- Installing: /home/nathan/dev_ws/install/articubot_one/share/articubot_one/local_setup.dsv
[0.193s] -- Installing: /home/nathan/dev_ws/install/articubot_one/share/articubot_one/package.dsv
[0.194s] -- Up-to-date: /home/nathan/dev_ws/install/articubot_one/share/ament_index/resource_index/packages/articubot_one
[0.194s] -- Up-to-date: /home/nathan/dev_ws/install/articubot_one/share/articubot_one/cmake/articubot_oneConfig.cmake
[0.194s] -- Up-to-date: /home/nathan/dev_ws/install/articubot_one/share/articubot_one/cmake/articubot_oneConfig-version.cmake
[0.194s] -- Installing: /home/nathan/dev_ws/install/articubot_one/share/articubot_one/package.xml
[0.195s] Invoked command in '/home/nathan/dev_ws/build/articubot_one' returned '0': CMAKE_PREFIX_PATH=${CMAKE_PREFIX_PATH}:/opt/ros/humble /usr/bin/cmake --install /home/nathan/dev_ws/build/articubot_one
