[0.024s] Invoking command in '/home/nathan/dev_ws/build/articubot_one': CMAKE_PREFIX_PATH=${CMAKE_PREFIX_PATH}:/opt/ros/humble /usr/bin/cmake --build /home/nathan/dev_ws/build/articubot_one -- -j8 -l8
[0.085s] Invoked command in '/home/nathan/dev_ws/build/articubot_one' returned '0': CMAKE_PREFIX_PATH=${CMAKE_PREFIX_PATH}:/opt/ros/humble /usr/bin/cmake --build /home/nathan/dev_ws/build/articubot_one -- -j8 -l8
[0.093s] Invoking command in '/home/nathan/dev_ws/build/articubot_one': CMAKE_PREFIX_PATH=${CMAKE_PREFIX_PATH}:/opt/ros/humble /usr/bin/cmake --install /home/nathan/dev_ws/build/articubot_one
[0.097s] -- Install configuration: ""
[0.099s] -- Execute custom install script
[0.100s] -- Up-to-date symlink: /home/nathan/dev_ws/install/articubot_one/share/articubot_one/config/drive_bot.rviz
[0.100s] -- Up-to-date symlink: /home/nathan/dev_ws/install/articubot_one/share/articubot_one/config/empty.yaml
[0.101s] -- Up-to-date symlink: /home/nathan/dev_ws/install/articubot_one/share/articubot_one/config/gaz_ros2_ctl_use_sim.yaml
[0.101s] -- Up-to-date symlink: /home/nathan/dev_ws/install/articubot_one/share/articubot_one/config/gazebo_params.yaml
[0.101s] -- Up-to-date symlink: /home/nathan/dev_ws/install/articubot_one/share/articubot_one/config/main.rviz
[0.101s] -- Up-to-date symlink: /home/nathan/dev_ws/install/articubot_one/share/articubot_one/config/map.rviz
[0.102s] -- Up-to-date symlink: /home/nathan/dev_ws/install/articubot_one/share/articubot_one/config/my_controllers.yaml
[0.102s] -- Up-to-date symlink: /home/nathan/dev_ws/install/articubot_one/share/articubot_one/config/nav2_params.yaml
[0.102s] -- Up-to-date symlink: /home/nathan/dev_ws/install/articubot_one/share/articubot_one/config/twist_mux.yaml
[0.103s] -- Symlinking: /home/nathan/dev_ws/install/articubot_one/share/articubot_one/config/view.bot.rviz
[0.112s] -- Up-to-date symlink: /home/nathan/dev_ws/install/articubot_one/share/articubot_one/config/view_bot.rviz
[0.114s] -- Up-to-date symlink: /home/nathan/dev_ws/install/articubot_one/share/articubot_one/description/gazebo_control.xacro
[0.115s] -- Up-to-date symlink: /home/nathan/dev_ws/install/articubot_one/share/articubot_one/description/inertial_macros.xacro
[0.115s] -- Up-to-date symlink: /home/nathan/dev_ws/install/articubot_one/share/articubot_one/description/robot.urdf.xacro
[0.116s] -- Up-to-date symlink: /home/nathan/dev_ws/install/articubot_one/share/articubot_one/description/robot_core.xacro
[0.116s] -- Up-to-date symlink: /home/nathan/dev_ws/install/articubot_one/share/articubot_one/description/ros2_control.xacro
[0.117s] -- Up-to-date symlink: /home/nathan/dev_ws/install/articubot_one/share/articubot_one/launch/launch_robot.launch.py
[0.117s] -- Up-to-date symlink: /home/nathan/dev_ws/install/articubot_one/share/articubot_one/launch/launch_sim.launch.py
[0.117s] -- Up-to-date symlink: /home/nathan/dev_ws/install/articubot_one/share/articubot_one/launch/rsp.launch.py
[0.117s] -- Up-to-date symlink: /home/nathan/dev_ws/install/articubot_one/share/articubot_one/worlds/empty.world
[0.118s] -- Up-to-date symlink: /home/nathan/dev_ws/install/articubot_one/share/articubot_one/worlds/obstacles.world
[0.118s] -- Up-to-date symlink: /home/nathan/dev_ws/install/articubot_one/share/ament_index/resource_index/package_run_dependencies/articubot_one
[0.118s] -- Up-to-date symlink: /home/nathan/dev_ws/install/articubot_one/share/ament_index/resource_index/parent_prefix_path/articubot_one
[0.119s] -- Up-to-date symlink: /home/nathan/dev_ws/install/articubot_one/share/articubot_one/environment/ament_prefix_path.sh
[0.119s] -- Up-to-date symlink: /home/nathan/dev_ws/install/articubot_one/share/articubot_one/environment/ament_prefix_path.dsv
[0.120s] -- Up-to-date symlink: /home/nathan/dev_ws/install/articubot_one/share/articubot_one/environment/path.sh
[0.120s] -- Up-to-date symlink: /home/nathan/dev_ws/install/articubot_one/share/articubot_one/environment/path.dsv
[0.120s] -- Up-to-date symlink: /home/nathan/dev_ws/install/articubot_one/share/articubot_one/local_setup.bash
[0.121s] -- Up-to-date symlink: /home/nathan/dev_ws/install/articubot_one/share/articubot_one/local_setup.sh
[0.121s] -- Up-to-date symlink: /home/nathan/dev_ws/install/articubot_one/share/articubot_one/local_setup.zsh
[0.122s] -- Up-to-date symlink: /home/nathan/dev_ws/install/articubot_one/share/articubot_one/local_setup.dsv
[0.122s] -- Symlinking: /home/nathan/dev_ws/install/articubot_one/share/articubot_one/package.dsv
[0.135s] -- Up-to-date symlink: /home/nathan/dev_ws/install/articubot_one/share/ament_index/resource_index/packages/articubot_one
[0.135s] -- Up-to-date symlink: /home/nathan/dev_ws/install/articubot_one/share/articubot_one/cmake/articubot_oneConfig.cmake
[0.135s] -- Up-to-date symlink: /home/nathan/dev_ws/install/articubot_one/share/articubot_one/cmake/articubot_oneConfig-version.cmake
[0.135s] -- Up-to-date symlink: /home/nathan/dev_ws/install/articubot_one/share/articubot_one/package.xml
[0.138s] Invoked command in '/home/nathan/dev_ws/build/articubot_one' returned '0': CMAKE_PREFIX_PATH=${CMAKE_PREFIX_PATH}:/opt/ros/humble /usr/bin/cmake --install /home/nathan/dev_ws/build/articubot_one
