[0.017s] Invoking command in '/home/nathan/dev_ws/build/articubot_one': CMAKE_PREFIX_PATH=${CMAKE_PREFIX_PATH}:/opt/ros/humble /usr/bin/cmake /home/nathan/dev_ws/src/articubot_one -DCMAKE_INSTALL_PREFIX=/home/nathan/dev_ws/install/articubot_one
[0.231s] -- The C compiler identification is GNU 11.4.0
[0.965s] -- The CXX compiler identification is GNU 11.4.0
[1.481s] -- Detecting C compiler ABI info
[1.667s] -- Detecting C compiler ABI info - done
[1.672s] -- Check for working C compiler: /usr/bin/cc - skipped
[1.673s] -- Detecting C compile features
[1.674s] -- Detecting C compile features - done
[1.680s] -- Detecting CXX compiler ABI info
[1.858s] -- Detecting CXX compiler ABI info - done
[1.863s] -- Check for working CXX compiler: /usr/bin/c++ - skipped
[1.864s] -- Detecting CXX compile features
[1.864s] -- Detecting CXX compile features - done
[1.872s] -- Found ament_cmake: 1.3.11 (/opt/ros/humble/share/ament_cmake/cmake)
[1.984s] -- Found Python3: /usr/bin/python3 (found version "3.10.12") found components: Interpreter 
[2.069s] -- Found ament_lint_auto: 0.12.11 (/opt/ros/humble/share/ament_lint_auto/cmake)
[2.137s] -- Added test 'copyright' to check source files copyright and LICENSE
[2.142s] -- Added test 'flake8' to check Python code syntax and style conventions
[2.143s] -- Added test 'lint_cmake' to check CMake code style
[2.144s] -- Added test 'pep257' to check Python code against some of the docstring style conventions in PEP 257
[2.147s] -- Added test 'xmllint' to check XML markup files
[2.149s] -- Configuring done
[2.153s] -- Generating done
[2.155s] -- Build files have been written to: /home/nathan/dev_ws/build/articubot_one
[2.159s] Invoked command in '/home/nathan/dev_ws/build/articubot_one' returned '0': CMAKE_PREFIX_PATH=${CMAKE_PREFIX_PATH}:/opt/ros/humble /usr/bin/cmake /home/nathan/dev_ws/src/articubot_one -DCMAKE_INSTALL_PREFIX=/home/nathan/dev_ws/install/articubot_one
[2.159s] Invoking command in '/home/nathan/dev_ws/build/articubot_one': CMAKE_PREFIX_PATH=${CMAKE_PREFIX_PATH}:/opt/ros/humble /usr/bin/cmake --build /home/nathan/dev_ws/build/articubot_one -- -j8 -l8
[2.180s] Invoked command in '/home/nathan/dev_ws/build/articubot_one' returned '0': CMAKE_PREFIX_PATH=${CMAKE_PREFIX_PATH}:/opt/ros/humble /usr/bin/cmake --build /home/nathan/dev_ws/build/articubot_one -- -j8 -l8
[2.187s] Invoking command in '/home/nathan/dev_ws/build/articubot_one': CMAKE_PREFIX_PATH=${CMAKE_PREFIX_PATH}:/opt/ros/humble /usr/bin/cmake --install /home/nathan/dev_ws/build/articubot_one
[2.191s] -- Install configuration: ""
[2.191s] -- Installing: /home/nathan/dev_ws/install/articubot_one/share/articubot_one/config
[2.192s] -- Installing: /home/nathan/dev_ws/install/articubot_one/share/articubot_one/config/empty.yaml
[2.192s] -- Installing: /home/nathan/dev_ws/install/articubot_one/share/articubot_one/config/map.rviz
[2.192s] -- Installing: /home/nathan/dev_ws/install/articubot_one/share/articubot_one/config/drive_bot.rviz
[2.192s] -- Installing: /home/nathan/dev_ws/install/articubot_one/share/articubot_one/config/gaz_ros2_ctl_use_sim.yaml
[2.192s] -- Installing: /home/nathan/dev_ws/install/articubot_one/share/articubot_one/config/view_bot.rviz
[2.193s] -- Installing: /home/nathan/dev_ws/install/articubot_one/share/articubot_one/config/nav2_params.yaml
[2.193s] -- Installing: /home/nathan/dev_ws/install/articubot_one/share/articubot_one/config/main.rviz
[2.193s] -- Installing: /home/nathan/dev_ws/install/articubot_one/share/articubot_one/config/twist_mux.yaml
[2.193s] -- Installing: /home/nathan/dev_ws/install/articubot_one/share/articubot_one/config/gazebo_params.yaml
[2.193s] -- Installing: /home/nathan/dev_ws/install/articubot_one/share/articubot_one/config/my_controllers.yaml
[2.193s] -- Installing: /home/nathan/dev_ws/install/articubot_one/share/articubot_one/description
[2.194s] -- Installing: /home/nathan/dev_ws/install/articubot_one/share/articubot_one/description/gazebo_control.xacro
[2.194s] -- Installing: /home/nathan/dev_ws/install/articubot_one/share/articubot_one/description/ros2_control.xacro
[2.194s] -- Installing: /home/nathan/dev_ws/install/articubot_one/share/articubot_one/description/robot_core.xacro
[2.194s] -- Installing: /home/nathan/dev_ws/install/articubot_one/share/articubot_one/description/inertial_macros.xacro
[2.194s] -- Installing: /home/nathan/dev_ws/install/articubot_one/share/articubot_one/description/robot.urdf.xacro
[2.194s] -- Installing: /home/nathan/dev_ws/install/articubot_one/share/articubot_one/launch
[2.194s] -- Installing: /home/nathan/dev_ws/install/articubot_one/share/articubot_one/launch/rsp.launch.py
[2.195s] -- Installing: /home/nathan/dev_ws/install/articubot_one/share/articubot_one/launch/launch_sim.launch.py
[2.195s] -- Installing: /home/nathan/dev_ws/install/articubot_one/share/articubot_one/launch/launch_robot.launch.py
[2.195s] -- Installing: /home/nathan/dev_ws/install/articubot_one/share/articubot_one/worlds
[2.195s] -- Installing: /home/nathan/dev_ws/install/articubot_one/share/articubot_one/worlds/empty.world
[2.196s] -- Installing: /home/nathan/dev_ws/install/articubot_one/share/articubot_one/worlds/obstacles.world
[2.196s] -- Installing: /home/nathan/dev_ws/install/articubot_one/share/ament_index/resource_index/package_run_dependencies/articubot_one
[2.197s] -- Installing: /home/nathan/dev_ws/install/articubot_one/share/ament_index/resource_index/parent_prefix_path/articubot_one
[2.197s] -- Installing: /home/nathan/dev_ws/install/articubot_one/share/articubot_one/environment/ament_prefix_path.sh
[2.197s] -- Installing: /home/nathan/dev_ws/install/articubot_one/share/articubot_one/environment/ament_prefix_path.dsv
[2.197s] -- Installing: /home/nathan/dev_ws/install/articubot_one/share/articubot_one/environment/path.sh
[2.198s] -- Installing: /home/nathan/dev_ws/install/articubot_one/share/articubot_one/environment/path.dsv
[2.198s] -- Installing: /home/nathan/dev_ws/install/articubot_one/share/articubot_one/local_setup.bash
[2.198s] -- Installing: /home/nathan/dev_ws/install/articubot_one/share/articubot_one/local_setup.sh
[2.198s] -- Installing: /home/nathan/dev_ws/install/articubot_one/share/articubot_one/local_setup.zsh
[2.198s] -- Installing: /home/nathan/dev_ws/install/articubot_one/share/articubot_one/local_setup.dsv
[2.198s] -- Installing: /home/nathan/dev_ws/install/articubot_one/share/articubot_one/package.dsv
[2.198s] -- Installing: /home/nathan/dev_ws/install/articubot_one/share/ament_index/resource_index/packages/articubot_one
[2.199s] -- Installing: /home/nathan/dev_ws/install/articubot_one/share/articubot_one/cmake/articubot_oneConfig.cmake
[2.199s] -- Installing: /home/nathan/dev_ws/install/articubot_one/share/articubot_one/cmake/articubot_oneConfig-version.cmake
[2.199s] -- Installing: /home/nathan/dev_ws/install/articubot_one/share/articubot_one/package.xml
[2.200s] Invoked command in '/home/nathan/dev_ws/build/articubot_one' returned '0': CMAKE_PREFIX_PATH=${CMAKE_PREFIX_PATH}:/opt/ros/humble /usr/bin/cmake --install /home/nathan/dev_ws/build/articubot_one
